Fri 10 Mar 2023 06:07:41 PM UTC: 
 tests:  0|7
total_score: 0/70
2bc2dab
Tue 14 Mar 2023 06:16:42 PM UTC: 
 exercises.c | 4 +++-
 1 file changed, 3 insertions(+), 1 deletion(-)
In file included from test.c:5:
exercises.c: In function ‘swap’:
exercises.c:16:3: error: ‘aux’ undeclared (first use in this function)
   16 |   aux = *a;
      |   ^~~
exercises.c:16:3: note: each undeclared identifier is reported only once for each function it appears in
Compilation failed
bf740cf
Tue 14 Mar 2023 06:17:23 PM UTC: 
 exercises.c | 4 +++-
 1 file changed, 3 insertions(+), 1 deletion(-)
 tests:  1|6
total_score: 10/70
4734cf0
Tue 14 Mar 2023 06:44:58 PM UTC: 
 exercises.c | 9 ++++++++-
 1 file changed, 8 insertions(+), 1 deletion(-)
In file included from test.c:5:
exercises.c: In function ‘arrayMaxMin’:
exercises.c:36:15: error: suggest parentheses around assignment used as truth value [-Werror=parentheses]
   36 |     } while ( aux = n );
      |               ^~~
cc1: all warnings being treated as errors
Compilation failed
80fd12f
Fri 17 Mar 2023 05:22:05 PM UTC: 
 exercises.c | 18 +++++++++++++++---
 1 file changed, 15 insertions(+), 3 deletions(-)
In file included from test.c:5:
exercises.c: In function ‘crearVector’:
exercises.c:87:4: error: expected identifier or ‘(’ before ‘return’
   87 |    return NULL;
      |    ^~~~~~
exercises.c:88:1: error: control reaches end of non-void function [-Werror=return-type]
   88 | }
      | ^
cc1: all warnings being treated as errors
Compilation failed
af356ab
Fri 17 Mar 2023 05:26:16 PM UTC: 
 exercises.c | 5 ++++-
 1 file changed, 4 insertions(+), 1 deletion(-)
 tests:  2|5
total_score: 20/70
95d64cf
Fri 17 Mar 2023 05:47:53 PM UTC: 
 exercises.c | 3 +++
 1 file changed, 3 insertions(+)
In file included from test.c:5:
exercises.c: In function ‘crearVector’:
exercises.c:91:17: error: ‘vector’ undeclared (first use in this function); did you mean ‘Vector’?
   91 |   malloc(sizeof(vector));
      |                 ^~~~~~
      |                 Vector
exercises.c:91:17: note: each undeclared identifier is reported only once for each function it appears in
exercises.c:90:11: error: unused variable ‘vr’ [-Werror=unused-variable]
   90 |   Vector* vr = (Vector*)
      |           ^~
cc1: all warnings being treated as errors
Compilation failed
18f1157
Fri 17 Mar 2023 05:50:10 PM UTC: 
 exercises.c | 1 +
 1 file changed, 1 insertion(+)
In file included from test.c:5:
exercises.c: In function ‘crearVector’:
exercises.c:91:17: error: ‘vector’ undeclared (first use in this function); did you mean ‘Vector’?
   91 |   malloc(sizeof(vector));
      |                 ^~~~~~
      |                 Vector
exercises.c:91:17: note: each undeclared identifier is reported only once for each function it appears in
exercises.c:92:16: error: expected expression before ‘int’
   92 |   vr-> datos = int(calloc)
      |                ^~~
exercises.c:95:1: error: control reaches end of non-void function [-Werror=return-type]
   95 | }
      | ^
cc1: all warnings being treated as errors
Compilation failed
092611b
Fri 17 Mar 2023 05:52:10 PM UTC: 
 exercises.c | 6 +++---
 1 file changed, 3 insertions(+), 3 deletions(-)
In file included from test.c:5:
exercises.c: In function ‘crearVector’:
exercises.c:90:39: error: ‘vector’ undeclared (first use in this function); did you mean ‘Vector’?
   90 |   Vector* vr = (Vector*)malloc(sizeof(vector));
      |                                       ^~~~~~
      |                                       Vector
exercises.c:90:39: note: each undeclared identifier is reported only once for each function it appears in
Compilation failed
05138c2
Fri 17 Mar 2023 05:52:16 PM UTC: 
 exercises.c | 4 +++-
 1 file changed, 3 insertions(+), 1 deletion(-)
In file included from test.c:5:
exercises.c: In function ‘crearVector’:
exercises.c:90:39: error: ‘vector’ undeclared (first use in this function); did you mean ‘Vector’?
   90 |   Vector* vr = (Vector*)malloc(sizeof(vector));
      |                                       ^~~~~~
      |                                       Vector
exercises.c:90:39: note: each undeclared identifier is reported only once for each function it appears in
exercises.c: At top level:
exercises.c:96:4: error: expected identifier or ‘(’ before ‘return’
   96 |    return NULL;
      |    ^~~~~~
exercises.c:97:1: error: expected identifier or ‘(’ before ‘}’ token
   97 | }
      | ^
Compilation failed
0d7ee20
Fri 17 Mar 2023 05:53:05 PM UTC: 
 exercises.c | 3 ---
 1 file changed, 3 deletions(-)
In file included from test.c:5:
exercises.c: In function ‘crearVector’:
exercises.c:90:39: error: ‘vector’ undeclared (first use in this function); did you mean ‘Vector’?
   90 |   Vector* vr = (Vector*)malloc(sizeof(vector));
      |                                       ^~~~~~
      |                                       Vector
exercises.c:90:39: note: each undeclared identifier is reported only once for each function it appears in
Compilation failed
38474e5
Fri 17 Mar 2023 05:53:18 PM UTC: 
 exercises.c | 2 +-
 1 file changed, 1 insertion(+), 1 deletion(-)
 tests:  3|4
total_score: 30/70
dcbda0c
Fri 17 Mar 2023 06:12:35 PM UTC: 
 exercises.c | 3 +++
 1 file changed, 3 insertions(+)
In file included from test.c:5:
exercises.c: In function ‘sumaV2’:
exercises.c:131:10: error: ‘a’ undeclared (first use in this function)
  131 |   c[0] = a[0] + b[0];
      |          ^
exercises.c:131:10: note: each undeclared identifier is reported only once for each function it appears in
exercises.c:131:17: error: ‘b’ undeclared (first use in this function)
  131 |   c[0] = a[0] + b[0];
      |                 ^
Compilation failed
4810267
Fri 17 Mar 2023 06:14:21 PM UTC: 
 exercises.c | 7 +++----
 1 file changed, 3 insertions(+), 4 deletions(-)
In file included from test.c:5:
exercises.c: In function ‘sumaV2’:
exercises.c:131:10: error: incompatible types when assigning to type ‘Vector’ from type ‘int’
  131 |   c[0] = a1 + a2;
      |          ^~
exercises.c:132:10: error: incompatible types when assigning to type ‘Vector’ from type ‘int’
  132 |   c[1] = a2 + b2;
      |          ^~
exercises.c:133:10: error: ‘return’ with a value, in function returning void [-Werror=return-type]
  133 |   return 0
      |          ^
exercises.c:129:6: note: declared here
  129 | void sumaV2(int a1, int a2, int b1, int b2, Vector *c)
      |      ^~~~~~
exercises.c:133:11: error: expected ‘;’ before ‘}’ token
  133 |   return 0
      |           ^
      |           ;
  134 |     }
      |     ~      
cc1: all warnings being treated as errors
Compilation failed
d6ff594
Fri 17 Mar 2023 06:14:43 PM UTC: 
 exercises.c | 2 +-
 1 file changed, 1 insertion(+), 1 deletion(-)
In file included from test.c:5:
exercises.c: In function ‘sumaV2’:
exercises.c:131:10: error: incompatible types when assigning to type ‘Vector’ from type ‘int’
  131 |   c[0] = a1 + a2;
      |          ^~
exercises.c:132:10: error: incompatible types when assigning to type ‘Vector’ from type ‘int’
  132 |   c[1] = a2 + b2;
      |          ^~
exercises.c:133:8: error: ‘return’ with a value, in function returning void [-Werror=return-type]
  133 | return 0;
      |        ^
exercises.c:129:6: note: declared here
  129 | void sumaV2(int a1, int a2, int b1, int b2, Vector *c)
      |      ^~~~~~
cc1: all warnings being treated as errors
Compilation failed
8fd51e6
Fri 17 Mar 2023 06:15:36 PM UTC: 
 exercises.c | 1 +
 1 file changed, 1 insertion(+)
In file included from test.c:5:
exercises.c: In function ‘sumaV2’:
exercises.c:131:10: error: incompatible types when assigning to type ‘Vector’ from type ‘int’
  131 |   c[0] = a1 + a2;
      |          ^~
exercises.c:132:10: error: incompatible types when assigning to type ‘Vector’ from type ‘int’
  132 |   c[1] = a2 + b2;
      |          ^~
exercises.c:133:11: error: ‘c’ redeclared as different kind of symbol
  133 |   Vector *c= c[0],c[1];
      |           ^
exercises.c:129:53: note: previous definition of ‘c’ with type ‘Vector *’
  129 | void sumaV2(int a1, int a2, int b1, int b2, Vector *c)
      |                                             ~~~~~~~~^
exercises.c:133:14: error: incompatible types when initializing type ‘Vector *’ using type ‘Vector’
  133 |   Vector *c= c[0],c[1];
      |              ^
exercises.c:133:19: error: conflicting types for ‘c’; have ‘Vector[1]’
  133 |   Vector *c= c[0],c[1];
      |                   ^
exercises.c:133:11: note: previous definition of ‘c’ with type ‘Vector *’
  133 |   Vector *c= c[0],c[1];
      |           ^
exercises.c:134:8: error: ‘return’ with a value, in function returning void [-Werror=return-type]
  134 | return 0;
      |        ^
exercises.c:129:6: note: declared here
  129 | void sumaV2(int a1, int a2, int b1, int b2, Vector *c)
      |      ^~~~~~
exercises.c:133:19: error: unused variable ‘c’ [-Werror=unused-variable]
  133 |   Vector *c= c[0],c[1];
      |                   ^
cc1: all warnings being treated as errors
Compilation failed
9ddedd9
Sat 18 Mar 2023 06:10:36 AM UTC: 
 exercises.c | 5 +++--
 1 file changed, 3 insertions(+), 2 deletions(-)
In file included from test.c:5:
exercises.c: In function ‘asignarValor’:
exercises.c:100:3: error: ‘vr’ undeclared (first use in this function); did you mean ‘v’?
  100 |   vr -> datos[i] = valor
      |   ^~
      |   v
exercises.c:100:3: note: each undeclared identifier is reported only once for each function it appears in
exercises.c:100:25: error: expected ‘;’ before ‘}’ token
  100 |   vr -> datos[i] = valor
      |                         ^
      |                         ;
  101 | }
      | ~                        
exercises.c: In function ‘sumaV2’:
exercises.c:129:10: error: incompatible types when assigning to type ‘Vector’ from type ‘int’
  129 |   c[0] = a1 + a2;
      |          ^~
exercises.c:130:10: error: incompatible types when assigning to type ‘Vector’ from type ‘int’
  130 |   c[1] = a2 + b2;
      |          ^~
exercises.c:131:11: error: ‘c’ redeclared as different kind of symbol
  131 |   Vector *c= c[0],c[1];
      |           ^
exercises.c:127:53: note: previous definition of ‘c’ with type ‘Vector *’
  127 | void sumaV2(int a1, int a2, int b1, int b2, Vector *c)
      |                                             ~~~~~~~~^
exercises.c:131:14: error: incompatible types when initializing type ‘Vector *’ using type ‘Vector’
  131 |   Vector *c= c[0],c[1];
      |              ^
exercises.c:131:19: error: conflicting types for ‘c’; have ‘Vector[1]’
  131 |   Vector *c= c[0],c[1];
      |                   ^
exercises.c:131:11: note: previous definition of ‘c’ with type ‘Vector *’
  131 |   Vector *c= c[0],c[1];
      |           ^
exercises.c:132:8: error: ‘return’ with a value, in function returning void [-Werror=return-type]
  132 | return 0;
      |        ^
exercises.c:127:6: note: declared here
  127 | void sumaV2(int a1, int a2, int b1, int b2, Vector *c)
      |      ^~~~~~
exercises.c:131:19: error: unused variable ‘c’ [-Werror=unused-variable]
  131 |   Vector *c= c[0],c[1];
      |                   ^
cc1: all warnings being treated as errors
Compilation failed
7729194
Sat 18 Mar 2023 06:10:43 AM UTC: 
 exercises.c | 2 +-
 1 file changed, 1 insertion(+), 1 deletion(-)
In file included from test.c:5:
exercises.c: In function ‘asignarValor’:
exercises.c:100:24: error: expected ‘;’ before ‘}’ token
  100 |   v -> datos[i] = valor
      |                        ^
      |                        ;
  101 | }
      | ~                       
exercises.c: In function ‘sumaV2’:
exercises.c:129:10: error: incompatible types when assigning to type ‘Vector’ from type ‘int’
  129 |   c[0] = a1 + a2;
      |          ^~
exercises.c:130:10: error: incompatible types when assigning to type ‘Vector’ from type ‘int’
  130 |   c[1] = a2 + b2;
      |          ^~
exercises.c:131:11: error: ‘c’ redeclared as different kind of symbol
  131 |   Vector *c= c[0],c[1];
      |           ^
exercises.c:127:53: note: previous definition of ‘c’ with type ‘Vector *’
  127 | void sumaV2(int a1, int a2, int b1, int b2, Vector *c)
      |                                             ~~~~~~~~^
exercises.c:131:14: error: incompatible types when initializing type ‘Vector *’ using type ‘Vector’
  131 |   Vector *c= c[0],c[1];
      |              ^
exercises.c:131:19: error: conflicting types for ‘c’; have ‘Vector[1]’
  131 |   Vector *c= c[0],c[1];
      |                   ^
exercises.c:131:11: note: previous definition of ‘c’ with type ‘Vector *’
  131 |   Vector *c= c[0],c[1];
      |           ^
exercises.c:132:8: error: ‘return’ with a value, in function returning void [-Werror=return-type]
  132 | return 0;
      |        ^
exercises.c:127:6: note: declared here
  127 | void sumaV2(int a1, int a2, int b1, int b2, Vector *c)
      |      ^~~~~~
exercises.c:131:19: error: unused variable ‘c’ [-Werror=unused-variable]
  131 |   Vector *c= c[0],c[1];
      |                   ^
cc1: all warnings being treated as errors
Compilation failed
813bd0e
Sat 18 Mar 2023 06:11:13 AM UTC: 
 exercises.c | 2 +-
 1 file changed, 1 insertion(+), 1 deletion(-)
In file included from test.c:5:
exercises.c: In function ‘sumaV2’:
exercises.c:129:10: error: incompatible types when assigning to type ‘Vector’ from type ‘int’
  129 |   c[0] = a1 + a2;
      |          ^~
exercises.c:130:10: error: incompatible types when assigning to type ‘Vector’ from type ‘int’
  130 |   c[1] = a2 + b2;
      |          ^~
exercises.c:131:11: error: ‘c’ redeclared as different kind of symbol
  131 |   Vector *c= c[0],c[1];
      |           ^
exercises.c:127:53: note: previous definition of ‘c’ with type ‘Vector *’
  127 | void sumaV2(int a1, int a2, int b1, int b2, Vector *c)
      |                                             ~~~~~~~~^
exercises.c:131:14: error: incompatible types when initializing type ‘Vector *’ using type ‘Vector’
  131 |   Vector *c= c[0],c[1];
      |              ^
exercises.c:131:19: error: conflicting types for ‘c’; have ‘Vector[1]’
  131 |   Vector *c= c[0],c[1];
      |                   ^
exercises.c:131:11: note: previous definition of ‘c’ with type ‘Vector *’
  131 |   Vector *c= c[0],c[1];
      |           ^
exercises.c:132:8: error: ‘return’ with a value, in function returning void [-Werror=return-type]
  132 | return 0;
      |        ^
exercises.c:127:6: note: declared here
  127 | void sumaV2(int a1, int a2, int b1, int b2, Vector *c)
      |      ^~~~~~
exercises.c:131:19: error: unused variable ‘c’ [-Werror=unused-variable]
  131 |   Vector *c= c[0],c[1];
      |                   ^
cc1: all warnings being treated as errors
Compilation failed
08e87a0
Sat 18 Mar 2023 06:11:31 AM UTC: 
 exercises.c | 4 ----
 1 file changed, 4 deletions(-)
 tests:  3|4
total_score: 30/70
4c66f96
Sat 18 Mar 2023 06:12:19 AM UTC: 
 exercises.c | 2 +-
 1 file changed, 1 insertion(+), 1 deletion(-)
In file included from test.c:5:
exercises.c: In function ‘asignarValor’:
exercises.c:100:3: error: ‘vr’ undeclared (first use in this function); did you mean ‘v’?
  100 |   vr -> datos[i] = valor;
      |   ^~
      |   v
exercises.c:100:3: note: each undeclared identifier is reported only once for each function it appears in
Compilation failed
b38e2db
Sat 18 Mar 2023 06:12:51 AM UTC: 
 exercises.c | 2 +-
 1 file changed, 1 insertion(+), 1 deletion(-)
In file included from test.c:5:
exercises.c: In function ‘asignarValor’:
exercises.c:100:5: error: ‘Vector’ has no member named ‘valor’
  100 |   v -> valor[i] = valor;
      |     ^~
Compilation failed
9070cc5
Sat 18 Mar 2023 06:14:25 AM UTC: 
 exercises.c | 5 +++--
 1 file changed, 3 insertions(+), 2 deletions(-)
 tests:  3|4
total_score: 30/70
75b2a1c
Sat 18 Mar 2023 06:14:42 AM UTC: 
 exercises.c | 4 ++--
 1 file changed, 2 insertions(+), 2 deletions(-)
 tests:  3|4
total_score: 30/70
9591deb
Sat 18 Mar 2023 06:17:41 AM UTC: 
 exercises.c | 9 +++++----
 1 file changed, 5 insertions(+), 4 deletions(-)
In file included from test.c:5:
exercises.c: In function ‘obtenerValor’:
exercises.c:112:1: error: control reaches end of non-void function [-Werror=return-type]
  112 | }
      | ^
cc1: all warnings being treated as errors
Compilation failed
488e09e
Sat 18 Mar 2023 06:18:06 AM UTC: 
 exercises.c | 4 +---
 1 file changed, 1 insertion(+), 3 deletions(-)
In file included from test.c:5:
exercises.c: In function ‘obtenerValor’:
exercises.c:110:37: error: control reaches end of non-void function [-Werror=return-type]
  110 | int obtenerValor(Vector * v, int i){}
      |                                     ^
cc1: all warnings being treated as errors
Compilation failed
b2f129b
Sat 18 Mar 2023 06:18:20 AM UTC: 
 exercises.c | 2 +-
 1 file changed, 1 insertion(+), 1 deletion(-)
test.c: In function ‘obtenerValor’:
test.c:251:5: error: ‘main’ is normally a non-static function [-Werror=main]
  251 | int main( int argc, char *argv[] ) {
      |     ^~~~
test.c:271:1: error: expected declaration or statement at end of input
  271 | }
      | ^
test.c:272: error: control reaches end of non-void function [-Werror=return-type]
At top level:
test.c:251:5: error: ‘main’ defined but not used [-Werror=unused-function]
  251 | int main( int argc, char *argv[] ) {
      |     ^~~~
cc1: all warnings being treated as errors
Compilation failed
9a9f983
Sat 18 Mar 2023 06:19:49 AM UTC: 
 exercises.c | 6 +++---
 1 file changed, 3 insertions(+), 3 deletions(-)
 tests:  4|3
total_score: 40/70
64e8596
Sat 18 Mar 2023 07:04:14 PM UTC: 
 exercises.c | 5 ++++-
 1 file changed, 4 insertions(+), 1 deletion(-)
 tests:  5|2
total_score: 50/70
95284a2
Sat 18 Mar 2023 07:04:47 PM UTC: 
 exercises.c | 2 +-
 1 file changed, 1 insertion(+), 1 deletion(-)
In file included from test.c:5:
exercises.c: In function ‘sumaV’:
exercises.c:120:34: error: statement with no effect [-Werror=unused-value]
  120 |   for (i = 0; i < a->capacidad; i+1) {
      |                                 ~^~
cc1: all warnings being treated as errors
Compilation failed
bf1d336
Sat 18 Mar 2023 07:05:03 PM UTC: 
 exercises.c | 2 +-
 1 file changed, 1 insertion(+), 1 deletion(-)
 tests:  5|2
total_score: 50/70
93afc0b
Sat 18 Mar 2023 07:11:51 PM UTC: 
 exercises.c | 3 +++
 1 file changed, 3 insertions(+)
In file included from test.c:5:
exercises.c: In function ‘sumaV2’:
exercises.c:132:10: error: incompatible types when assigning to type ‘Vector’ from type ‘int’
  132 |   c[0] = a1 + a2;
      |          ^~
exercises.c:133:10: error: incompatible types when assigning to type ‘Vector’ from type ‘int’
  133 |   c[1] = a2 + b2;
      |          ^~
exercises.c:134:11: error: ‘c’ redeclared as different kind of symbol
  134 |   Vector *c= c[0],c[1];
      |           ^
exercises.c:130:53: note: previous definition of ‘c’ with type ‘Vector *’
  130 | void sumaV2(int a1, int a2, int b1, int b2, Vector *c)
      |                                             ~~~~~~~~^
exercises.c:134:14: error: incompatible types when initializing type ‘Vector *’ using type ‘Vector’
  134 |   Vector *c= c[0],c[1];
      |              ^
exercises.c:134:19: error: conflicting types for ‘c’; have ‘Vector[1]’
  134 |   Vector *c= c[0],c[1];
      |                   ^
exercises.c:134:11: note: previous definition of ‘c’ with type ‘Vector *’
  134 |   Vector *c= c[0],c[1];
      |           ^
exercises.c:134:19: error: unused variable ‘c’ [-Werror=unused-variable]
  134 |   Vector *c= c[0],c[1];
      |                   ^
cc1: all warnings being treated as errors
Compilation failed
4670a92
Sat 18 Mar 2023 07:13:19 PM UTC: 
 exercises.c | 15 ++++++++++++---
 1 file changed, 12 insertions(+), 3 deletions(-)
In file included from test.c:5:
exercises.c:144:3: error: expected identifier or ‘(’ before ‘}’ token
  144 |   }
      |   ^
Compilation failed
7118773
Sat 18 Mar 2023 07:13:33 PM UTC: 
 exercises.c | 2 +-
 1 file changed, 1 insertion(+), 1 deletion(-)
 tests:  5|2
total_score: 50/70
a79fbea
Sat 18 Mar 2023 07:13:49 PM UTC: 
 exercises.c | 5 -----
 1 file changed, 5 deletions(-)
 tests:  5|2
total_score: 50/70
ab241d0
Sat 18 Mar 2023 07:15:08 PM UTC: 
 exercises.c | 8 ++------
 1 file changed, 2 insertions(+), 6 deletions(-)
 tests:  6|1
total_score: 60/70
c44f4bb
Sat 18 Mar 2023 07:19:30 PM UTC: 
 exercises.c | 2 +-
 1 file changed, 1 insertion(+), 1 deletion(-)
In file included from test.c:5:
exercises.c: In function ‘asignarValor’:
exercises.c:102:22: error: expected ‘;’ before ‘}’ token
  102 |   v->datos[i] = valor
      |                      ^
      |                      ;
  103 | }
      | ~                     
Compilation failed
975c500
Sat 18 Mar 2023 07:19:38 PM UTC: 
 exercises.c | 2 +-
 1 file changed, 1 insertion(+), 1 deletion(-)
 tests:  6|1
total_score: 60/70
ff7ff2d
Sat 18 Mar 2023 07:23:17 PM UTC: 
 exercises.c | 5 +++--
 1 file changed, 3 insertions(+), 2 deletions(-)
 tests:  6|1
total_score: 60/70
36a8b0b
Sat 18 Mar 2023 07:23:29 PM UTC: 
 exercises.c | 2 +-
 1 file changed, 1 insertion(+), 1 deletion(-)
In file included from test.c:5:
exercises.c: In function ‘sumaV’:
exercises.c:122:6: error: statement with no effect [-Werror=unused-value]
  122 |     i+1;
      |     ~^~
cc1: all warnings being treated as errors
Compilation failed
a66dc71
Sat 18 Mar 2023 07:24:29 PM UTC: 
 exercises.c | 6 +++---
 1 file changed, 3 insertions(+), 3 deletions(-)
 tests:  6|1
total_score: 60/70
187add3
Sat 18 Mar 2023 07:30:14 PM UTC: 
 exercises.c | 3 +++
 1 file changed, 3 insertions(+)
In file included from test.c:5:
exercises.c: In function ‘asignarValor’:
exercises.c:102:12: error: ‘Vector’ has no member named ‘tamano’
  102 |   if (i < v->tamano) {
      |            ^~
Compilation failed
d3cfcf9
Sat 18 Mar 2023 07:33:13 PM UTC: 
 exercises.c | 3 +++
 1 file changed, 3 insertions(+)
In file included from test.c:5:
exercises.c: In function ‘asignarValor’:
exercises.c:105:12: error: ‘Vector’ has no member named ‘tamano’
  105 |   if (i < v->tamano) {
      |            ^~
exercises.c:104:8: error: unused variable ‘datos’ [-Werror=unused-variable]
  104 |   int *datos;
      |        ^~~~~
exercises.c:103:7: error: unused variable ‘capacidad’ [-Werror=unused-variable]
  103 |   int capacidad;
      |       ^~~~~~~~~
exercises.c:102:7: error: unused variable ‘tamano’ [-Werror=unused-variable]
  102 |   int tamano;
      |       ^~~~~~
cc1: all warnings being treated as errors
Compilation failed
bd33497
Sat 18 Mar 2023 07:35:42 PM UTC: 
 exercises.c | 6 ++----
 1 file changed, 2 insertions(+), 4 deletions(-)
 tests:  6|1
total_score: 60/70
4662758
Sun 19 Mar 2023 12:54:29 AM UTC: 
 exercises.c | 2 +-
 1 file changed, 1 insertion(+), 1 deletion(-)
In file included from test.c:5:
exercises.c: In function ‘asignarValor’:
exercises.c:105:12: error: ‘return’ with a value, in function returning void [-Werror=return-type]
  105 |     return 0;
      |            ^
exercises.c:100:6: note: declared here
  100 | void asignarValor(Vector * v, int i, int valor)
      |      ^~~~~~~~~~~~
cc1: all warnings being treated as errors
Compilation failed
3359c06
Sun 19 Mar 2023 12:56:25 AM UTC: 
 exercises.c | 2 +-
 1 file changed, 1 insertion(+), 1 deletion(-)
 tests:  6|1
total_score: 60/70
f838497
